0 info it worked if it ends with ok
1 verbose cli [ 'C:\\Program Files\\nodejs\\node.exe',
1 verbose cli   'C:\\Program Files\\nodejs\\node_modules\\npm\\bin\\npm-cli.js',
1 verbose cli   'run',
1 verbose cli   'tscwatch' ]
2 info using npm@3.10.10
3 info using node@v6.10.0
4 verbose run-script [ 'pretscwatch', 'tscwatch', 'posttscwatch' ]
5 info lifecycle @~pretscwatch: @
6 silly lifecycle @~pretscwatch: no script for pretscwatch, continuing
7 info lifecycle @~tscwatch: @
8 verbose lifecycle @~tscwatch: unsafe-perm in lifecycle true
9 verbose lifecycle @~tscwatch: PATH: C:\Program Files\nodejs\node_modules\npm\bin\node-gyp-bin;C:\Users\nv\Documents\Angular\14 - Using Events and Forms\example\node_modules\.bin;C:\Program Files\nodejs\node_modules\npm\bin\node-gyp-bin;C:\Users\nv\Documents\Angular\14 - Using Events and Forms\example\node_modules\.bin;C:\ProgramData\Oracle\Java\javapath;C:\Program Files (x86)\Intel\iCLS Client\;C:\Program Files\Intel\iCLS Client\;C:\WINDOWS\system32;C:\WINDOWS;C:\WINDOWS\System32\Wbem;C:\WINDOWS\System32\WindowsPowerShell\v1.0\;C:\Program Files (x86)\Intel\Intel(R) Management Engine Components\DAL;C:\Program Files\Intel\Intel(R) Management Engine Components\DAL;C:\Program Files (x86)\Intel\Intel(R) Management Engine Components\IPT;C:\Program Files\Intel\Intel(R) Management Engine Components\IPT;c:\Program Files\Intel\WiFi\bin\;c:\Program Files\Common Files\Intel\WirelessCommon\;C:\Program Files\nodejs\;C:\Program Files (x86)\Skype\Phone\;C:\Program Files\Git\cmd;C:\Program Files\Git\mingw64\bin;C:\Program Files\Git\usr\bin;C:\Users\nv\AppData\Local\Microsoft\WindowsApps;C:\Users\nv\AppData\Roaming\npm;C:\Program Files (x86)\Microsoft VS Code\bin;C:\Users\nv\AppData\Local\.meteor\;C:\Program Files (x86)\Nmap
10 verbose lifecycle @~tscwatch: CWD: C:\Users\nv\Documents\Angular\14 - Using Events and Forms\example
11 silly lifecycle @~tscwatch: Args: [ '/d /s /c', 'tsc -w' ]
12 silly lifecycle @~tscwatch: Returned: code: 1073807364  signal: null
13 info lifecycle @~tscwatch: Failed to exec tscwatch script
14 verbose stack Error: @ tscwatch: `tsc -w`
14 verbose stack Exit status 1073807364
14 verbose stack     at EventEmitter.<anonymous> (C:\Program Files\nodejs\node_modules\npm\lib\utils\lifecycle.js:255:16)
14 verbose stack     at emitTwo (events.js:106:13)
14 verbose stack     at EventEmitter.emit (events.js:191:7)
14 verbose stack     at ChildProcess.<anonymous> (C:\Program Files\nodejs\node_modules\npm\lib\utils\spawn.js:40:14)
14 verbose stack     at emitTwo (events.js:106:13)
14 verbose stack     at ChildProcess.emit (events.js:191:7)
14 verbose stack     at maybeClose (internal/child_process.js:877:16)
14 verbose stack     at Process.ChildProcess._handle.onexit (internal/child_process.js:226:5)
15 verbose pkgid @
16 verbose cwd C:\Users\nv\Documents\Angular\14 - Using Events and Forms\example
17 error Windows_NT 10.0.15063
18 error argv "C:\\Program Files\\nodejs\\node.exe" "C:\\Program Files\\nodejs\\node_modules\\npm\\bin\\npm-cli.js" "run" "tscwatch"
19 error node v6.10.0
20 error npm  v3.10.10
21 error code ELIFECYCLE
22 error @ tscwatch: `tsc -w`
22 error Exit status 1073807364
23 error Failed at the @ tscwatch script 'tsc -w'.
23 error Make sure you have the latest version of node.js and npm installed.
23 error If you do, this is most likely a problem with the  package,
23 error not with npm itself.
23 error Tell the author that this fails on your system:
23 error     tsc -w
23 error You can get information on how to open an issue for this project with:
23 error     npm bugs
23 error Or if that isn't available, you can get their info via:
23 error     npm owner ls
23 error There is likely additional logging output above.
24 verbose exit [ 1, true ]
